Determining if the pthread_create exist failed with the following output:
Change Dir: /home/fajcon/symulacja/Simulation_of_the_4th_Krakow_bypass/cmake-build-debug/CMakeFiles/CMakeTmp

Run Build Command:"/usr/bin/make" "cmTC_fd743/fast"
/usr/bin/make -f CMakeFiles/cmTC_fd743.dir/build.make CMakeFiles/cmTC_fd743.dir/build
make[1]: Wejście do katalogu '/home/fajcon/symulacja/Simulation_of_the_4th_Krakow_bypass/cmake-build-debug/CMakeFiles/CMakeTmp'
Building C object CMakeFiles/cmTC_fd743.dir/CheckSymbolExists.c.o
/usr/bin/cc    -o CMakeFiles/cmTC_fd743.dir/CheckSymbolExists.c.o   -c /home/fajcon/symulacja/Simulation_of_the_4th_Krakow_bypass/cmake-build-debug/CMakeFiles/CMakeTmp/CheckSymbolExists.c
Linking C executable cmTC_fd743
/home/fajcon/Pulpit/clion-2017.3.3/bin/cmake/bin/cmake -E cmake_link_script CMakeFiles/cmTC_fd743.dir/link.txt --verbose=1
/usr/bin/cc      -rdynamic CMakeFiles/cmTC_fd743.dir/CheckSymbolExists.c.o  -o cmTC_fd743 
CMakeFiles/cmTC_fd743.dir/CheckSymbolExists.c.o: In function `main':
CheckSymbolExists.c:(.text+0x16): undefined reference to `pthread_create'
collect2: error: ld returned 1 exit status
CMakeFiles/cmTC_fd743.dir/build.make:97: polecenia dla obiektu 'cmTC_fd743' nie powiodły się
make[1]: *** [cmTC_fd743] Błąd 1
make[1]: Opuszczenie katalogu '/home/fajcon/symulacja/Simulation_of_the_4th_Krakow_bypass/cmake-build-debug/CMakeFiles/CMakeTmp'
Makefile:126: polecenia dla obiektu 'cmTC_fd743/fast' nie powiodły się
make: *** [cmTC_fd743/fast] Błąd 2

File /home/fajcon/symulacja/Simulation_of_the_4th_Krakow_bypass/cmake-build-debug/CMakeFiles/CMakeTmp/CheckSymbolExists.c:
/* */
#include <pthread.h>

int main(int argc, char** argv)
{
  (void)argv;
#ifndef pthread_create
  return ((int*)(&pthread_create))[argc];
#else
  (void)argc;
  return 0;
#endif
}

Determining if the function pthread_create exists in the pthreads failed with the following output:
Change Dir: /home/fajcon/symulacja/Simulation_of_the_4th_Krakow_bypass/cmake-build-debug/CMakeFiles/CMakeTmp

Run Build Command:"/usr/bin/make" "cmTC_33674/fast"
/usr/bin/make -f CMakeFiles/cmTC_33674.dir/build.make CMakeFiles/cmTC_33674.dir/build
make[1]: Wejście do katalogu '/home/fajcon/symulacja/Simulation_of_the_4th_Krakow_bypass/cmake-build-debug/CMakeFiles/CMakeTmp'
Building C object CMakeFiles/cmTC_33674.dir/CheckFunctionExists.c.o
/usr/bin/cc   -DCHECK_FUNCTION_EXISTS=pthread_create   -o CMakeFiles/cmTC_33674.dir/CheckFunctionExists.c.o   -c /home/fajcon/Pulpit/clion-2017.3.3/bin/cmake/share/cmake-3.9/Modules/CheckFunctionExists.c
Linking C executable cmTC_33674
/home/fajcon/Pulpit/clion-2017.3.3/bin/cmake/bin/cmake -E cmake_link_script CMakeFiles/cmTC_33674.dir/link.txt --verbose=1
/usr/bin/cc  -DCHECK_FUNCTION_EXISTS=pthread_create    -rdynamic CMakeFiles/cmTC_33674.dir/CheckFunctionExists.c.o  -o cmTC_33674 -lpthreads 
/usr/bin/ld: cannot find -lpthreads
collect2: error: ld returned 1 exit status
CMakeFiles/cmTC_33674.dir/build.make:97: polecenia dla obiektu 'cmTC_33674' nie powiodły się
make[1]: *** [cmTC_33674] Błąd 1
make[1]: Opuszczenie katalogu '/home/fajcon/symulacja/Simulation_of_the_4th_Krakow_bypass/cmake-build-debug/CMakeFiles/CMakeTmp'
Makefile:126: polecenia dla obiektu 'cmTC_33674/fast' nie powiodły się
make: *** [cmTC_33674/fast] Błąd 2


